<?xml version="1.0" encoding="UTF-8"?>
<testsuite xmlns:xsi="http://www.w3.org/2001/XMLSchema-instance" xsi:noNamespaceSchemaLocation="https://maven.apache.org/surefire/maven-surefire-plugin/xsd/surefire-test-report-3.0.xsd" version="3.0" name="ua.lviv.iot.algo.part1.lab1.GardenTest" time="0.017" tests="8" errors="0" skipped="0" failures="0">
  <properties>
    <property name="java.specification.version" value="17"/>
    <property name="sun.cpu.isalist" value="amd64"/>
    <property name="sun.jnu.encoding" value="Cp1251"/>
    <property name="java.class.path" value="E:\Pjava\mavenP\lab\target\test-classes;E:\Pjava\mavenP\lab\target\classes;C:\Users\igora\.m2\repository\junit\junit\4.13.2\junit-4.13.2.jar;C:\Users\igora\.m2\repository\org\hamcrest\hamcrest-core\1.3\hamcrest-core-1.3.jar;C:\Users\igora\.m2\repository\org\projectlombok\lombok\1.18.20\lombok-1.18.20.jar;C:\Users\igora\.m2\repository\org\junit\vintage\junit-vintage-engine\5.9.2\junit-vintage-engine-5.9.2.jar;C:\Users\igora\.m2\repository\org\junit\platform\junit-platform-engine\1.9.2\junit-platform-engine-1.9.2.jar;C:\Users\igora\.m2\repository\org\apiguardian\apiguardian-api\1.1.2\apiguardian-api-1.1.2.jar;C:\Users\igora\.m2\repository\org\junit\jupiter\junit-jupiter-api\5.9.2\junit-jupiter-api-5.9.2.jar;C:\Users\igora\.m2\repository\org\opentest4j\opentest4j\1.2.0\opentest4j-1.2.0.jar;C:\Users\igora\.m2\repository\org\junit\platform\junit-platform-commons\1.9.2\junit-platform-commons-1.9.2.jar;C:\Users\igora\.m2\repository\org\jacoco\org.jacoco.agent\0.8.7\org.jacoco.agent-0.8.7.jar;C:\Users\igora\.m2\repository\com\github\spotbugs\spotbugs\4.2.3\spotbugs-4.2.3.jar;C:\Users\igora\.m2\repository\org\ow2\asm\asm\9.1\asm-9.1.jar;C:\Users\igora\.m2\repository\org\ow2\asm\asm-analysis\9.1\asm-analysis-9.1.jar;C:\Users\igora\.m2\repository\org\ow2\asm\asm-commons\9.1\asm-commons-9.1.jar;C:\Users\igora\.m2\repository\org\ow2\asm\asm-tree\9.1\asm-tree-9.1.jar;C:\Users\igora\.m2\repository\org\ow2\asm\asm-util\9.1\asm-util-9.1.jar;C:\Users\igora\.m2\repository\org\apache\bcel\bcel\6.5.0\bcel-6.5.0.jar;C:\Users\igora\.m2\repository\net\jcip\jcip-annotations\1.0\jcip-annotations-1.0.jar;C:\Users\igora\.m2\repository\org\dom4j\dom4j\2.1.3\dom4j-2.1.3.jar;C:\Users\igora\.m2\repository\org\apache\commons\commons-lang3\3.12.0\commons-lang3-3.12.0.jar;C:\Users\igora\.m2\repository\org\apache\commons\commons-text\1.9\commons-text-1.9.jar;C:\Users\igora\.m2\repository\org\slf4j\slf4j-api\1.8.0-beta4\slf4j-api-1.8.0-beta4.jar;C:\Users\igora\.m2\repository\com\github\spotbugs\spotbugs-annotations\4.2.3\spotbugs-annotations-4.2.3.jar;C:\Users\igora\.m2\repository\com\google\code\findbugs\jsr305\3.0.2\jsr305-3.0.2.jar;C:\Users\igora\.m2\repository\com\google\code\gson\gson\2.8.6\gson-2.8.6.jar;C:\Users\igora\.m2\repository\jaxen\jaxen\1.2.0\jaxen-1.2.0.jar;C:\Users\igora\.m2\repository\net\sf\saxon\Saxon-HE\10.3\Saxon-HE-10.3.jar;C:\Users\igora\.m2\repository\net\sourceforge\pmd\pmd-core\6.35.0\pmd-core-6.35.0.jar;C:\Users\igora\.m2\repository\org\antlr\antlr4-runtime\4.7.2\antlr4-runtime-4.7.2.jar;C:\Users\igora\.m2\repository\com\beust\jcommander\1.48\jcommander-1.48.jar;C:\Users\igora\.m2\repository\commons-io\commons-io\2.6\commons-io-2.6.jar;C:\Users\igora\.m2\repository\net\sourceforge\saxon\saxon\9.1.0.8\saxon-9.1.0.8.jar;C:\Users\igora\.m2\repository\net\sourceforge\saxon\saxon\9.1.0.8\saxon-9.1.0.8-dom.jar;C:\Users\igora\.m2\repository\com\puppycrawl\tools\checkstyle\8.45\checkstyle-8.45.jar;C:\Users\igora\.m2\repository\info\picocli\picocli\4.6.1\picocli-4.6.1.jar;C:\Users\igora\.m2\repository\antlr\antlr\2.7.7\antlr-2.7.7.jar;C:\Users\igora\.m2\repository\commons-beanutils\commons-beanutils\1.9.4\commons-beanutils-1.9.4.jar;C:\Users\igora\.m2\repository\commons-logging\commons-logging\1.2\commons-logging-1.2.jar;C:\Users\igora\.m2\repository\commons-collections\commons-collections\3.2.2\commons-collections-3.2.2.jar;C:\Users\igora\.m2\repository\com\google\guava\guava\30.1.1-jre\guava-30.1.1-jre.jar;C:\Users\igora\.m2\repository\com\google\guava\failureaccess\1.0.1\failureaccess-1.0.1.jar;C:\Users\igora\.m2\repository\com\google\guava\listenablefuture\9999.0-empty-to-avoid-conflict-with-guava\listenablefuture-9999.0-empty-to-avoid-conflict-with-guava.jar;C:\Users\igora\.m2\repository\org\checkerframework\checker-qual\3.8.0\checker-qual-3.8.0.jar;C:\Users\igora\.m2\repository\com\google\errorprone\error_prone_annotations\2.5.1\error_prone_annotations-2.5.1.jar;C:\Users\igora\.m2\repository\com\google\j2objc\j2objc-annotations\1.3\j2objc-annotations-1.3.jar;C:\Users\igora\.m2\repository\org\reflections\reflections\0.9.12\reflections-0.9.12.jar;C:\Users\igora\.m2\repository\org\javassist\javassist\3.26.0-GA\javassist-3.26.0-GA.jar;"/>
    <property name="java.vm.vendor" value="Oracle Corporation"/>
    <property name="sun.arch.data.model" value="64"/>
    <property name="user.variant" value=""/>
    <property name="java.vendor.url" value="https://java.oracle.com/"/>
    <property name="user.timezone" value="Europe/Kiev"/>
    <property name="os.name" value="Windows 10"/>
    <property name="java.vm.specification.version" value="17"/>
    <property name="sun.java.launcher" value="SUN_STANDARD"/>
    <property name="user.country" value="UA"/>
    <property name="sun.boot.library.path" value="C:\Program Files\Java\jdk-17\bin"/>
    <property name="sun.java.command" value="C:\Users\igora\AppData\Local\Temp\surefire10054085439292904128\surefirebooter-20230408234335906_3.jar C:\Users\igora\AppData\Local\Temp\surefire10054085439292904128 2023-04-08T23-43-35_683-jvmRun1 surefire-20230408234335906_1tmp surefire_0-20230408234335906_2tmp"/>
    <property name="jdk.debug" value="release"/>
    <property name="surefire.test.class.path" value="E:\Pjava\mavenP\lab\target\test-classes;E:\Pjava\mavenP\lab\target\classes;C:\Users\igora\.m2\repository\junit\junit\4.13.2\junit-4.13.2.jar;C:\Users\igora\.m2\repository\org\hamcrest\hamcrest-core\1.3\hamcrest-core-1.3.jar;C:\Users\igora\.m2\repository\org\projectlombok\lombok\1.18.20\lombok-1.18.20.jar;C:\Users\igora\.m2\repository\org\junit\vintage\junit-vintage-engine\5.9.2\junit-vintage-engine-5.9.2.jar;C:\Users\igora\.m2\repository\org\junit\platform\junit-platform-engine\1.9.2\junit-platform-engine-1.9.2.jar;C:\Users\igora\.m2\repository\org\apiguardian\apiguardian-api\1.1.2\apiguardian-api-1.1.2.jar;C:\Users\igora\.m2\repository\org\junit\jupiter\junit-jupiter-api\5.9.2\junit-jupiter-api-5.9.2.jar;C:\Users\igora\.m2\repository\org\opentest4j\opentest4j\1.2.0\opentest4j-1.2.0.jar;C:\Users\igora\.m2\repository\org\junit\platform\junit-platform-commons\1.9.2\junit-platform-commons-1.9.2.jar;C:\Users\igora\.m2\repository\org\jacoco\org.jacoco.agent\0.8.7\org.jacoco.agent-0.8.7.jar;C:\Users\igora\.m2\repository\com\github\spotbugs\spotbugs\4.2.3\spotbugs-4.2.3.jar;C:\Users\igora\.m2\repository\org\ow2\asm\asm\9.1\asm-9.1.jar;C:\Users\igora\.m2\repository\org\ow2\asm\asm-analysis\9.1\asm-analysis-9.1.jar;C:\Users\igora\.m2\repository\org\ow2\asm\asm-commons\9.1\asm-commons-9.1.jar;C:\Users\igora\.m2\repository\org\ow2\asm\asm-tree\9.1\asm-tree-9.1.jar;C:\Users\igora\.m2\repository\org\ow2\asm\asm-util\9.1\asm-util-9.1.jar;C:\Users\igora\.m2\repository\org\apache\bcel\bcel\6.5.0\bcel-6.5.0.jar;C:\Users\igora\.m2\repository\net\jcip\jcip-annotations\1.0\jcip-annotations-1.0.jar;C:\Users\igora\.m2\repository\org\dom4j\dom4j\2.1.3\dom4j-2.1.3.jar;C:\Users\igora\.m2\repository\org\apache\commons\commons-lang3\3.12.0\commons-lang3-3.12.0.jar;C:\Users\igora\.m2\repository\org\apache\commons\commons-text\1.9\commons-text-1.9.jar;C:\Users\igora\.m2\repository\org\slf4j\slf4j-api\1.8.0-beta4\slf4j-api-1.8.0-beta4.jar;C:\Users\igora\.m2\repository\com\github\spotbugs\spotbugs-annotations\4.2.3\spotbugs-annotations-4.2.3.jar;C:\Users\igora\.m2\repository\com\google\code\findbugs\jsr305\3.0.2\jsr305-3.0.2.jar;C:\Users\igora\.m2\repository\com\google\code\gson\gson\2.8.6\gson-2.8.6.jar;C:\Users\igora\.m2\repository\jaxen\jaxen\1.2.0\jaxen-1.2.0.jar;C:\Users\igora\.m2\repository\net\sf\saxon\Saxon-HE\10.3\Saxon-HE-10.3.jar;C:\Users\igora\.m2\repository\net\sourceforge\pmd\pmd-core\6.35.0\pmd-core-6.35.0.jar;C:\Users\igora\.m2\repository\org\antlr\antlr4-runtime\4.7.2\antlr4-runtime-4.7.2.jar;C:\Users\igora\.m2\repository\com\beust\jcommander\1.48\jcommander-1.48.jar;C:\Users\igora\.m2\repository\commons-io\commons-io\2.6\commons-io-2.6.jar;C:\Users\igora\.m2\repository\net\sourceforge\saxon\saxon\9.1.0.8\saxon-9.1.0.8.jar;C:\Users\igora\.m2\repository\net\sourceforge\saxon\saxon\9.1.0.8\saxon-9.1.0.8-dom.jar;C:\Users\igora\.m2\repository\com\puppycrawl\tools\checkstyle\8.45\checkstyle-8.45.jar;C:\Users\igora\.m2\repository\info\picocli\picocli\4.6.1\picocli-4.6.1.jar;C:\Users\igora\.m2\repository\antlr\antlr\2.7.7\antlr-2.7.7.jar;C:\Users\igora\.m2\repository\commons-beanutils\commons-beanutils\1.9.4\commons-beanutils-1.9.4.jar;C:\Users\igora\.m2\repository\commons-logging\commons-logging\1.2\commons-logging-1.2.jar;C:\Users\igora\.m2\repository\commons-collections\commons-collections\3.2.2\commons-collections-3.2.2.jar;C:\Users\igora\.m2\repository\com\google\guava\guava\30.1.1-jre\guava-30.1.1-jre.jar;C:\Users\igora\.m2\repository\com\google\guava\failureaccess\1.0.1\failureaccess-1.0.1.jar;C:\Users\igora\.m2\repository\com\google\guava\listenablefuture\9999.0-empty-to-avoid-conflict-with-guava\listenablefuture-9999.0-empty-to-avoid-conflict-with-guava.jar;C:\Users\igora\.m2\repository\org\checkerframework\checker-qual\3.8.0\checker-qual-3.8.0.jar;C:\Users\igora\.m2\repository\com\google\errorprone\error_prone_annotations\2.5.1\error_prone_annotations-2.5.1.jar;C:\Users\igora\.m2\repository\com\google\j2objc\j2objc-annotations\1.3\j2objc-annotations-1.3.jar;C:\Users\igora\.m2\repository\org\reflections\reflections\0.9.12\reflections-0.9.12.jar;C:\Users\igora\.m2\repository\org\javassist\javassist\3.26.0-GA\javassist-3.26.0-GA.jar;"/>
    <property name="sun.cpu.endian" value="little"/>
    <property name="user.home" value="C:\Users\igora"/>
    <property name="user.language" value="uk"/>
    <property name="java.specification.vendor" value="Oracle Corporation"/>
    <property name="java.version.date" value="2023-01-17"/>
    <property name="java.home" value="C:\Program Files\Java\jdk-17"/>
    <property name="file.separator" value="\"/>
    <property name="basedir" value="E:\Pjava\mavenP\lab"/>
    <property name="java.vm.compressedOopsMode" value="Zero based"/>
    <property name="line.separator" value="&#10;"/>
    <property name="java.vm.specification.vendor" value="Oracle Corporation"/>
    <property name="java.specification.name" value="Java Platform API Specification"/>
    <property name="surefire.real.class.path" value="C:\Users\igora\AppData\Local\Temp\surefire10054085439292904128\surefirebooter-20230408234335906_3.jar"/>
    <property name="user.script" value=""/>
    <property name="sun.management.compiler" value="HotSpot 64-Bit Tiered Compilers"/>
    <property name="java.runtime.version" value="17.0.6+9-LTS-190"/>
    <property name="user.name" value="igora"/>
    <property name="path.separator" value=";"/>
    <property name="os.version" value="10.0"/>
    <property name="java.runtime.name" value="Java(TM) SE Runtime Environment"/>
    <property name="file.encoding" value="Cp1251"/>
    <property name="java.vm.name" value="Java HotSpot(TM) 64-Bit Server VM"/>
    <property name="localRepository" value="C:\Users\igora\.m2\repository"/>
    <property name="java.vendor.url.bug" value="https://bugreport.java.com/bugreport/"/>
    <property name="java.io.tmpdir" value="C:\Users\igora\AppData\Local\Temp\"/>
    <property name="java.version" value="17.0.6"/>
    <property name="user.dir" value="E:\Pjava\mavenP\lab"/>
    <property name="os.arch" value="amd64"/>
    <property name="java.vm.specification.name" value="Java Virtual Machine Specification"/>
    <property name="sun.os.patch.level" value=""/>
    <property name="native.encoding" value="Cp1251"/>
    <property name="java.library.path" value="C:\Program Files\Java\jdk-17\bin;C:\WINDOWS\Sun\Java\bin;C:\WINDOWS\system32;C:\WINDOWS;C:\Program Files\Common Files\Oracle\Java\javapath;C:\Program Files\Microsoft\jdk-11.0.12.7-hotspot\bin;C:\Windows\system32;C:\Windows;C:\Windows\System32\Wbem;C:\Windows\System32\WindowsPowerShell\v1.0\;C:\Windows\System32\OpenSSH\;C:\Program Files (x86)\NVIDIA Corporation\PhysX\Common;C:\Program Files\dotnet\;C:\Program Files\Microsoft SQL Server\130\Tools\Binn\;C:\Program Files\Microsoft SQL Server\Client SDK\ODBC\170\Tools\Binn\;C:\Program Files (x86)\QuickTime\QTSystem\;C:\WINDOWS\system32;C:\WINDOWS;C:\WINDOWS\System32\Wbem;C:\WINDOWS\System32\WindowsPowerShell\v1.0\;C:\WINDOWS\System32\OpenSSH\;C:\Program Files\Java\jdk-17\bin;C:\Program Files\Microsoft SQL Server\150\Tools\Binn\;C:\MinGW\bin;C:\Program Files\Git\cmd;C:\Users\igora\devtools\maven\apache-maven-3.9.1\bin;C:\Users\igora\AppData\Local\Programs\Python\Python37\Scripts\;C:\Users\igora\AppData\Local\Programs\Python\Python37\;C:\Users\igora\AppData\Local\Microsoft\WindowsApps;;E:\Куврчрфв\Microsoft VS Code\bin;C:\Users\igora\.dotnet\tools;."/>
    <property name="java.vm.info" value="mixed mode, sharing"/>
    <property name="java.vendor" value="Oracle Corporation"/>
    <property name="java.vm.version" value="17.0.6+9-LTS-190"/>
    <property name="sun.io.unicode.encoding" value="UnicodeLittle"/>
    <property name="java.class.version" value="61.0"/>
  </properties>
  <testcase name="testHasVegetableGarden" classname="ua.lviv.iot.algo.part1.lab1.GardenTest" time="0.001"/>
  <testcase name="testGetNumberOfFlowers" classname="ua.lviv.iot.algo.part1.lab1.GardenTest" time="0.001"/>
  <testcase name="testToString" classname="ua.lviv.iot.algo.part1.lab1.GardenTest" time="0.001"/>
  <testcase name="testGetArea" classname="ua.lviv.iot.algo.part1.lab1.GardenTest" time="0.002"/>
  <testcase name="testHasOrchard" classname="ua.lviv.iot.algo.part1.lab1.GardenTest" time="0.002"/>
  <testcase name="testGetInt" classname="ua.lviv.iot.algo.part1.lab1.GardenTest" time="0.001"/>
  <testcase name="setNumberOfFlowers" classname="ua.lviv.iot.algo.part1.lab1.GardenTest" time="0.001"/>
  <testcase name="testSetArea" classname="ua.lviv.iot.algo.part1.lab1.GardenTest" time="0.001"/>
</testsuite>